10:54:06 AM Tuesday, 1 February, 2022 - Freegma Dayz Server Manager Log System. Version--v0.1.4.20
  :[2022-02-01 10:54:06]-[+]- Resources File Founded!
-------------------------------
  :[2022-02-01 10:54:06]-[+]- Resources loaded!
-------------------------------
  :[2022-02-01 10:54:06]-[+]- Restart Time 1 Loaded.
-------------------------------
  :[2022-02-01 10:54:06]-[+]- Restart Time 2 Loaded.
-------------------------------
  :[2022-02-01 10:54:06]-[+]- Restart Time 3 Loaded.
-------------------------------
  :[2022-02-01 10:54:06]-[+]- Restart Time 4 Loaded.
-------------------------------
  :[2022-02-01 10:54:06]-[-]- Can`t Set Resources. System.FormatException: Input string was not in a correct format.
   at System.Number.ThrowOverflowOrFormatException(ParsingStatus status, TypeCode type)
   at System.Number.ParseInt32(ReadOnlySpan`1 value, NumberStyles styles, NumberFormatInfo info)
   at System.Int32.Parse(String s)
   at DayzServerManager.Util.Util.SetFiles() in E:\C# Projects\DayzServerManager\DayzServerManager\Util\Util.cs:line 303
-------------------------------
  :[2022-02-01 10:54:06]-[-]- We Have Problem Contact with Admin
-------------------------------
10:54:16 AM Tuesday, 1 February, 2022 - Freegma Dayz Server Manager Log System. Version--v0.1.4.20
  :[2022-02-01 10:54:16]-[+]- Resources File Founded!
-------------------------------
  :[2022-02-01 10:54:16]-[+]- Resources loaded!
-------------------------------
  :[2022-02-01 10:54:16]-[+]- Restart Time 1 Loaded.
-------------------------------
  :[2022-02-01 10:54:16]-[+]- Restart Time 2 Loaded.
-------------------------------
  :[2022-02-01 10:54:16]-[+]- Restart Time 3 Loaded.
-------------------------------
  :[2022-02-01 10:54:16]-[+]- Restart Time 4 Loaded.
-------------------------------
  :[2022-02-01 10:54:16]-[-]- Can`t Set Resources. System.FormatException: Input string was not in a correct format.
   at System.Number.ThrowOverflowOrFormatException(ParsingStatus status, TypeCode type)
   at System.Number.ParseInt32(ReadOnlySpan`1 value, NumberStyles styles, NumberFormatInfo info)
   at System.Int32.Parse(String s)
   at DayzServerManager.Util.Util.SetFiles() in E:\C# Projects\DayzServerManager\DayzServerManager\Util\Util.cs:line 303
-------------------------------
  :[2022-02-01 10:54:16]-[-]- We Have Problem Contact with Admin
-------------------------------
10:54:26 AM Tuesday, 1 February, 2022 - Freegma Dayz Server Manager Log System. Version--v0.1.4.20
  :[2022-02-01 10:54:26]-[+]- Resources File Founded!
-------------------------------
  :[2022-02-01 10:54:26]-[+]- Resources loaded!
-------------------------------
  :[2022-02-01 10:54:26]-[+]- Restart Time 1 Loaded.
-------------------------------
  :[2022-02-01 10:54:26]-[+]- Restart Time 2 Loaded.
-------------------------------
  :[2022-02-01 10:54:26]-[+]- Restart Time 3 Loaded.
-------------------------------
  :[2022-02-01 10:54:26]-[+]- Restart Time 4 Loaded.
-------------------------------
  :[2022-02-01 10:54:26]-[-]- Can`t Set Resources. System.FormatException: Input string was not in a correct format.
   at System.Number.ThrowOverflowOrFormatException(ParsingStatus status, TypeCode type)
   at System.Number.ParseInt32(ReadOnlySpan`1 value, NumberStyles styles, NumberFormatInfo info)
   at System.Int32.Parse(String s)
   at DayzServerManager.Util.Util.SetFiles() in E:\C# Projects\DayzServerManager\DayzServerManager\Util\Util.cs:line 303
-------------------------------
  :[2022-02-01 10:54:26]-[-]- We Have Problem Contact with Admin
-------------------------------
10:54:36 AM Tuesday, 1 February, 2022 - Freegma Dayz Server Manager Log System. Version--v0.1.4.20
  :[2022-02-01 10:54:36]-[+]- Resources File Founded!
-------------------------------
  :[2022-02-01 10:54:36]-[+]- Resources loaded!
-------------------------------
  :[2022-02-01 10:54:36]-[+]- Restart Time 1 Loaded.
-------------------------------
  :[2022-02-01 10:54:36]-[+]- Restart Time 2 Loaded.
-------------------------------
  :[2022-02-01 10:54:36]-[+]- Restart Time 3 Loaded.
-------------------------------
  :[2022-02-01 10:54:36]-[+]- Restart Time 4 Loaded.
-------------------------------
  :[2022-02-01 10:54:36]-[-]- Can`t Set Resources. System.FormatException: Input string was not in a correct format.
   at System.Number.ThrowOverflowOrFormatException(ParsingStatus status, TypeCode type)
   at System.Number.ParseInt32(ReadOnlySpan`1 value, NumberStyles styles, NumberFormatInfo info)
   at System.Int32.Parse(String s)
   at DayzServerManager.Util.Util.SetFiles() in E:\C# Projects\DayzServerManager\DayzServerManager\Util\Util.cs:line 303
-------------------------------
  :[2022-02-01 10:54:36]-[-]- We Have Problem Contact with Admin
-------------------------------
