04:44:56 PM Monday, 31 January, 2022 - Freegma Dayz Server Manager Log System. Version--v0.1.4.20
  :[2022-01-31 04:44:56]-[+]- Resources File Founded!
-------------------------------
  :[2022-01-31 04:44:57]-[+]- Resources loaded!
-------------------------------
  :[2022-01-31 04:44:57]-[+]- Restart Time 1 Loaded.
-------------------------------
  :[2022-01-31 04:44:57]-[+]- Restart Time 2 Loaded.
-------------------------------
  :[2022-01-31 04:44:57]-[+]- Restart Time 3 Loaded.
-------------------------------
  :[2022-01-31 04:44:57]-[+]- Restart Time 4 Loaded.
-------------------------------
  :[2022-01-31 04:44:57]-[-]- Can`t Set Resources. System.FormatException: Input string was not in a correct format.
   at System.Number.ThrowOverflowOrFormatException(ParsingStatus status, TypeCode type)
   at System.Number.ParseInt32(ReadOnlySpan`1 value, NumberStyles styles, NumberFormatInfo info)
   at System.Int32.Parse(String s)
   at DayzServerManager.Util.Util.SetFiles() in E:\C# Projects\DayzServerManager\DayzServerManager\Util\Util.cs:line 302
-------------------------------
  :[2022-01-31 04:44:57]-[-]- We Have Problem Contact with Admin
-------------------------------
